1552336799761	mozrunner::runner	INFO	Running command: "/usr/bin/firefox" "-marionette" "-foreground" "-no-remote" "-profile" "/tmp/rust_mozprofile.WX1ltYuEoZoH"
1552336801009	addons.webextension.screenshots@mozilla.org	WARN	Loading extension 'screenshots@mozilla.org': Reading manifest: Invalid host permission: resource://pdf.js/
1552336801009	addons.webextension.screenshots@mozilla.org	WARN	Loading extension 'screenshots@mozilla.org': Reading manifest: Invalid host permission: about:reader*

(firefox:30622): Gtk-WARNING **: 21:40:02.146: Theme parsing error: <data>:1:34: Expected ')' in color definition

(firefox:30622): Gtk-WARNING **: 21:40:02.146: Theme parsing error: <data>:1:77: Expected ')' in color definition
1552336806425	Marionette	INFO	Listening on port 41737
1552336806490	Marionette	WARN	TLS certificate errors will be ignored for this session
1552336809798	Marionette	INFO	Stopped listening on port 41737
1552336811551	mozrunner::runner	INFO	Running command: "/usr/bin/firefox" "-marionette" "-foreground" "-no-remote" "-profile" "/tmp/rust_mozprofile.dQhl1A7RU5gQ"
1552336812246	addons.webextension.screenshots@mozilla.org	WARN	Loading extension 'screenshots@mozilla.org': Reading manifest: Invalid host permission: resource://pdf.js/
1552336812246	addons.webextension.screenshots@mozilla.org	WARN	Loading extension 'screenshots@mozilla.org': Reading manifest: Invalid host permission: about:reader*

(firefox:30865): Gtk-WARNING **: 21:40:13.034: Theme parsing error: <data>:1:34: Expected ')' in color definition

(firefox:30865): Gtk-WARNING **: 21:40:13.035: Theme parsing error: <data>:1:77: Expected ')' in color definition
1552336816584	Marionette	INFO	Listening on port 43721
1552336816672	Marionette	WARN	TLS certificate errors will be ignored for this session
1552336819705	Marionette	INFO	Stopped listening on port 43721
JavaScript error: resource://activity-stream/lib/ActivityStreamPrefs.jsm, line 23: NS_ERROR_ILLEGAL_VALUE: Component returned failure code: 0x80070057 (NS_ERROR_ILLEGAL_VALUE) [nsIPrefBranch.removeObserver]
JavaScript error: jar:file:///usr/lib/firefox/omni.ja!/components/nsUrlClassifierListManager.js, line 597: TypeError: this.tablesData[table] is undefined
JavaScript error: resource://gre/modules/ExtensionSettingsStore.jsm, line 103: Error: The ExtensionSettingsStore was accessed before the initialize promise resolved.
console.error: 
  [Exception... "Component returned failure code: 0x80004005 (NS_ERROR_FAILURE) [nsIAppShellService.hiddenDOMWindow]"  nsresult: "0x80004005 (NS_ERROR_FAILURE)"  location: "JS frame :: resource://activity-stream/lib/DownloadsManager.jsm :: init :: line 44"  data: no]: init@resource://activity-stream/lib/DownloadsManager.jsm:44:5
postInit@resource://activity-stream/lib/HighlightsFeed.jsm:60:5
handler@resource://gre/modules/EventEmitter.jsm:94:11
emit@resource://gre/modules/EventEmitter.jsm:149:11
init@resource://activity-stream/lib/SectionsManager.jsm:119:5
observe@resource://gre/modules/AsyncShutdown.jsm:541:9

JavaScript error: resource://gre/modules/Sqlite.jsm, line 841: Error: Connection is not open.
1552336821723	mozrunner::runner	INFO	Running command: "/usr/bin/firefox" "-marionette" "-foreground" "-no-remote" "-profile" "/tmp/rust_mozprofile.jysnaudNGGtK"
1552336822430	addons.webextension.screenshots@mozilla.org	WARN	Loading extension 'screenshots@mozilla.org': Reading manifest: Invalid host permission: resource://pdf.js/
1552336822431	addons.webextension.screenshots@mozilla.org	WARN	Loading extension 'screenshots@mozilla.org': Reading manifest: Invalid host permission: about:reader*

(firefox:31068): Gtk-WARNING **: 21:40:23.241: Theme parsing error: <data>:1:34: Expected ')' in color definition

(firefox:31068): Gtk-WARNING **: 21:40:23.241: Theme parsing error: <data>:1:77: Expected ')' in color definition
1552336826708	Marionette	INFO	Listening on port 45417
1552336826788	Marionette	WARN	TLS certificate errors will be ignored for this session
1552336828191	Marionette	WARN	TimedPromise timed out after 500 ms: stacktrace:
bail@chrome://marionette/content/sync.js:196:64
openRemotePrompt@jar:file:///usr/lib/firefox/omni.ja!/components/nsPrompter.js:507:5
openPrompt@jar:file:///usr/lib/firefox/omni.ja!/components/nsPrompter.js:541:17
alert@jar:file:///usr/lib/firefox/omni.ja!/components/nsPrompter.js:614:9
funkcjaAlert@file:///home/gralu/Dokumenty/nowe%20selenium/alert.html:14:3
onclick@file:///home/gralu/Dokumenty/nowe%20selenium/alert.html:1:1
event.synthesizeMouseAtPoint@chrome://marionette/content/event.js:202:5
webdriverClickElement@chrome://marionette/content/interaction.js:183:5
1552336829766	Marionette	INFO	Stopped listening on port 45417
JavaScript error: resource://activity-stream/lib/ActivityStreamPrefs.jsm, line 23: NS_ERROR_ILLEGAL_VALUE: Component returned failure code: 0x80070057 (NS_ERROR_ILLEGAL_VALUE) [nsIPrefBranch.removeObserver]
JavaScript error: jar:file:///usr/lib/firefox/omni.ja!/components/nsUrlClassifierListManager.js, line 597: TypeError: this.tablesData[table] is undefined
JavaScript error: resource://gre/modules/ExtensionSettingsStore.jsm, line 103: Error: The ExtensionSettingsStore was accessed before the initialize promise resolved.
console.error: 
  [Exception... "Component returned failure code: 0x80004005 (NS_ERROR_FAILURE) [nsIAppShellService.hiddenDOMWindow]"  nsresult: "0x80004005 (NS_ERROR_FAILURE)"  location: "JS frame :: resource://activity-stream/lib/DownloadsManager.jsm :: init :: line 44"  data: no]: init@resource://activity-stream/lib/DownloadsManager.jsm:44:5
postInit@resource://activity-stream/lib/HighlightsFeed.jsm:60:5
handler@resource://gre/modules/EventEmitter.jsm:94:11
emit@resource://gre/modules/EventEmitter.jsm:149:11
init@resource://activity-stream/lib/SectionsManager.jsm:119:5
observe@resource://gre/modules/AsyncShutdown.jsm:541:9

JavaScript error: resource://gre/modules/Sqlite.jsm, line 841: Error: Connection is not open.
